37.398800, -121.977382, 0.0, 16
37.398723, -121.977387, 40.0, 195
37.398636, -121.977417, 40.0, 195
37.398549, -121.977444, 40.0, 188
37.398460, -121.977461, 40.0, 188
37.398372, -121.977479, 40.0, 188
37.398283, -121.977496, 40.0, 188
37.398194, -121.977513, 40.0, 188
37.398105, -121.977528, 40.0, 186
37.398016, -121.977540, 40.0, 183
37.397926, -121.977548, 40.0, 183
37.397836, -121.977556, 40.0, 183
37.397747, -121.977564, 40.0, 184
37.397657, -121.977574, 40.0, 184
37.397568, -121.977583, 40.0, 184
37.397478, -121.977592, 40.0, 184
37.397389, -121.977602, 40.0, 184
37.397299, -121.977608, 40.0, 172
37.397210, -121.977594, 40.0, 172
37.397121, -121.977580, 40.0, 172
37.397032, -121.977566, 40.0, 173
37.396943, -121.977552, 40.0, 173
37.396854, -121.977538, 40.0, 173
37.396764, -121.977525, 40.0, 173
37.396675, -121.977511, 40.0, 173
37.396594, -121.977463, 40.0, 152
37.396515, -121.977410, 40.0, 152
37.396436, -121.977357, 40.0, 152
37.396356, -121.977304, 40.0, 152
37.396335, -121.977197, 40.0, 100
37.396319, -121.977086, 40.0, 100
37.396274, -121.977015, 40.0, 173
37.396185, -121.977001, 40.0, 173
37.396110, -121.976990, 40.0, 264
37.396102, -121.977103, 40.0, 264
37.396093, -121.977215, 40.0, 264
37.396085, -121.977328, 40.0, 264
37.396076, -121.977440, 40.0, 264
37.396059, -121.977550, 40.0, 244
37.396020, -121.977652, 40.0, 244
37.395982, -121.977754, 40.0, 244
37.395975, -121.977867, 40.0, 266
37.395970, -121.977980, 40.0, 266
37.395970, -121.977980, 40.0, 172
37.395881, -121.977965, 40.0, 172
37.395792, -121.977950, 40.0, 172
37.395703, -121.977934, 40.0, 172
37.395614, -121.977919, 40.0, 172
37.395525, -121.977902, 40.0, 170
37.395437, -121.977883, 40.0, 170
37.395348, -121.977864, 40.0, 170
37.395259, -121.977845, 40.0, 170
37.395171, -121.977826, 40.0, 170
37.395082, -121.977807, 40.0, 170
37.394994, -121.977786, 40.0, 168
37.394906, -121.977764, 40.0, 168
37.394818, -121.977742, 40.0, 168
37.394730, -121.977720, 40.0, 169
37.394642, -121.977699, 40.0, 169
37.394553, -121.977678, 40.0, 169
37.394466, -121.977650, 40.0, 163
37.394380, -121.977620, 40.0, 165
37.394293, -121.977591, 40.0, 165
37.394207, -121.977559, 40.0, 170
37.394120, -121.977534, 40.0, 162
37.394032, -121.977509, 40.0, 167
37.393946, -121.977476, 40.0, 160
37.393861, -121.977441, 40.0, 162
37.393775, -121.977407, 40.0, 162
37.393689, -121.977373, 40.0, 162
37.393604, -121.977339, 40.0, 162
37.393518, -121.977305, 40.0, 159
37.393434, -121.977266, 40.0, 159
37.393350, -121.977227, 40.0, 159
37.393265, -121.977188, 40.0, 160
37.393181, -121.977149, 40.0, 160
37.393097, -121.977109, 40.0, 158
37.393013, -121.977069, 40.0, 158
37.392929, -121.977028, 40.0, 158
37.392845, -121.976987, 40.0, 157
37.392762, -121.976943, 40.0, 157
37.392680, -121.976900, 40.0, 157
37.392597, -121.976856, 40.0, 157
37.392514, -121.976812, 40.0, 158
37.392431, -121.976770, 40.0, 158
37.392346, -121.976731, 40.0, 160
37.392262, -121.976693, 40.0, 160
37.392177, -121.976656, 40.0, 160
37.392092, -121.976621, 40.0, 158
37.392008, -121.976580, 40.0, 161
37.391923, -121.976544, 40.0, 161
37.391838, -121.976508, 40.0, 161
37.391752, -121.976472, 40.0, 161
37.391667, -121.976437, 40.0, 161
37.391581, -121.976404, 40.0, 165
37.391494, -121.976375, 40.0, 165
37.391407, -121.976346, 40.0, 165
37.391321, -121.976317, 40.0, 165
37.391234, -121.976288, 40.0, 165
37.391147, -121.976259, 40.0, 165
37.391060, -121.976233, 40.0, 169
37.390971, -121.976211, 40.0, 169
37.390883, -121.976189, 40.0, 169
37.390795, -121.976168, 40.0, 169
37.390707, -121.976146, 40.0, 169
37.390618, -121.976127, 40.0, 173
37.390529, -121.976113, 40.0, 173
37.390440, -121.976100, 40.0, 173
37.390351, -121.976086, 40.0, 173
37.390262, -121.976074, 40.0, 173
37.390172, -121.976062, 40.0, 173
37.390083, -121.976050, 40.0, 173
37.389994, -121.976038, 40.0, 174
37.389904, -121.976027, 40.0, 174
37.389815, -121.976016, 40.0, 174
37.389725, -121.976004, 40.0, 174
37.389636, -121.975993, 40.0, 174
37.389547, -121.975982, 40.0, 174
37.389457, -121.975980, 40.0, 180
37.389367, -121.975980, 40.0, 180
37.389277, -121.975980, 40.0, 180
37.389187, -121.975980, 40.0, 180
37.389098, -121.975980, 40.0, 180
37.389008, -121.975980, 40.0, 180
37.388918, -121.975979, 40.0, 178
37.388828, -121.975975, 40.0, 178
37.388738, -121.975972, 40.0, 178
37.388649, -121.975972, 40.0, 182
37.388559, -121.975977, 40.0, 182
37.388469, -121.975982, 40.0, 182
37.388379, -121.975987, 40.0, 182
37.388290, -121.975995, 40.0, 186
37.388201, -121.976008, 40.0, 186
37.388111, -121.976022, 40.0, 191
37.388023, -121.976044, 40.0, 191
37.387935, -121.976066, 40.0, 191
37.387847, -121.976088, 40.0, 191
37.387759, -121.976110, 40.0, 190
37.387671, -121.976131, 40.0, 190
37.387582, -121.976152, 40.0, 190
37.387495, -121.976176, 40.0, 196
37.387409, -121.976208, 40.0, 196
37.387323, -121.976241, 40.0, 196
37.387237, -121.976274, 40.0, 196
37.387151, -121.976308, 40.0, 197
37.387065, -121.976342, 40.0, 197
37.386980, -121.976376, 40.0, 197
37.386894, -121.976410, 40.0, 197
37.386809, -121.976446, 40.0, 198
37.386724, -121.976481, 40.0, 198
37.386638, -121.976517, 40.0, 198
37.386553, -121.976553, 40.0, 197
37.386467, -121.976586, 40.0, 197
37.386381, -121.976619, 40.0, 197
37.386295, -121.976652, 40.0, 197
37.386210, -121.976686, 40.0, 196
37.386124, -121.976719, 40.0, 196
37.386038, -121.976752, 40.0, 196
37.385952, -121.976785, 40.0, 196
37.385866, -121.976818, 40.0, 196
37.385781, -121.976853, 40.0, 199
37.385696, -121.976890, 40.0, 199
37.385611, -121.976928, 40.0, 199
37.385526, -121.976966, 40.0, 198
37.385442, -121.977003, 40.0, 198
37.385357, -121.977039, 40.0, 198
37.385272, -121.977076, 40.0, 198
37.385187, -121.977113, 40.0, 198
37.385170, -121.977120, 40.0, 227
37.385109, -121.977203, 40.0, 227
37.385049, -121.977287, 40.0, 227
37.384994, -121.977376, 40.0, 240
37.384954, -121.977477, 40.0, 247
37.384924, -121.977583, 40.0, 257
37.384914, -121.977694, 40.0, 280
37.384929, -121.977805, 40.0, 280
37.384963, -121.977910, 40.0, 293
37.385015, -121.978001, 40.0, 309
37.385088, -121.978066, 40.0, 327
37.385169, -121.978112, 40.0, 347
37.385256, -121.978139, 40.0, 347
37.385345, -121.978133, 40.0, 3
37.385430, -121.978100, 40.0, 25
37.385508, -121.978046, 40.0, 34
37.385573, -121.977969, 40.0, 55
37.385613, -121.977870, 40.0, 72
37.385633, -121.977760, 40.0, 84
37.385639, -121.977647, 40.0, 93
37.385633, -121.977535, 40.0, 93
37.385622, -121.977423, 40.0, 101
37.385605, -121.977312, 40.0, 101
37.385586, -121.977201, 40.0, 103
37.385565, -121.977091, 40.0, 103
37.385544, -121.976981, 40.0, 103
37.385521, -121.976872, 40.0, 105
37.385497, -121.976763, 40.0, 104
37.385475, -121.976654, 40.0, 104
37.385453, -121.976544, 40.0, 104
37.385431, -121.976434, 40.0, 104
37.385410, -121.976324, 40.0, 103
37.385390, -121.976214, 40.0, 103
37.385369, -121.976104, 40.0, 103
37.385349, -121.975994, 40.0, 103
37.385329, -121.975884, 40.0, 103
37.385308, -121.975774, 40.0, 103
37.385282, -121.975666, 40.0, 109
37.385253, -121.975559, 40.0, 109
37.385224, -121.975452, 40.0, 109
37.385194, -121.975345, 40.0, 109
37.385164, -121.975239, 40.0, 109
37.385133, -121.975133, 40.0, 109
37.385102, -121.975026, 40.0, 109
37.385072, -121.974920, 40.0, 109
37.385041, -121.974814, 40.0, 109
37.385010, -121.974708, 40.0, 109
37.384980, -121.974601, 40.0, 109
37.384949, -121.974495, 40.0, 109
37.384919, -121.974389, 40.0, 109
37.384888, -121.974282, 40.0, 109
37.384857, -121.974176, 40.0, 109
37.384827, -121.974070, 40.0, 109
37.384796, -121.973963, 40.0, 109
37.384766, -121.973857, 40.0, 109
37.384735, -121.973751, 40.0, 109
37.384704, -121.973645, 40.0, 109
37.384674, -121.973538, 40.0, 109
37.384643, -121.973432, 40.0, 109
37.384613, -121.973326, 40.0, 109
37.384582, -121.973219, 40.0, 109
37.384552, -121.973113, 40.0, 109
37.384521, -121.973007, 40.0, 109
37.384490, -121.972900, 40.0, 109
37.384460, -121.972794, 40.0, 109
37.384429, -121.972688, 40.0, 109
37.384399, -121.972582, 40.0, 109
37.384368, -121.972475, 40.0, 109
37.384337, -121.972369, 40.0, 109
37.384307, -121.972263, 40.0, 109
37.384276, -121.972156, 40.0, 109
37.384246, -121.972050, 40.0, 109
37.384215, -121.971944, 40.0, 109
37.384184, -121.971837, 40.0, 109
37.384154, -121.971731, 40.0, 109
37.384123, -121.971625, 40.0, 109
37.384093, -121.971519, 40.0, 109
37.384062, -121.971412, 40.0, 109
37.384033, -121.971306, 40.0, 109
37.384003, -121.971199, 40.0, 109
37.383973, -121.971092, 40.0, 109
37.383943, -121.970985, 40.0, 109
37.383914, -121.970879, 40.0, 109
37.383884, -121.970772, 40.0, 109
37.383854, -121.970665, 40.0, 109
37.383824, -121.970559, 40.0, 109
37.383795, -121.970452, 40.0, 109
37.383765, -121.970345, 40.0, 109
37.383735, -121.970239, 40.0, 109
37.383705, -121.970132, 40.0, 110
37.383674, -121.970026, 40.0, 110
37.383643, -121.969920, 40.0, 110
37.383612, -121.969814, 40.0, 110
37.383582, -121.969707, 40.0, 110
37.383551, -121.969601, 40.0, 110
37.383520, -121.969495, 40.0, 110
37.383490, -121.969389, 40.0, 110
37.383459, -121.969282, 40.0, 110
37.383428, -121.969176, 40.0, 110
37.383397, -121.969070, 40.0, 110
37.383367, -121.968964, 40.0, 109
37.383337, -121.968857, 40.0, 109
37.383307, -121.968751, 40.0, 109
37.383278, -121.968644, 40.0, 112
37.383244, -121.968539, 40.0, 110
37.383213, -121.968433, 40.0, 110
37.383182, -121.968327, 40.0, 110
37.383151, -121.968220, 40.0, 109
37.383121, -121.968114, 40.0, 109
37.383090, -121.968008, 40.0, 109
37.383060, -121.967902, 40.0, 109
37.383029, -121.967795, 40.0, 109
37.382998, -121.967689, 40.0, 109
37.382968, -121.967583, 40.0, 109
37.382937, -121.967476, 40.0, 109
37.382907, -121.967370, 40.0, 109
37.382876, -121.967264, 40.0, 109
37.382845, -121.967158, 40.0, 109
37.382815, -121.967051, 40.0, 109
37.382784, -121.966945, 40.0, 109
37.382754, -121.966839, 40.0, 109
37.382723, -121.966732, 40.0, 109
37.382692, -121.966626, 40.0, 109
37.382662, -121.966520, 40.0, 109
37.382631, -121.966413, 40.0, 109
37.382601, -121.966307, 40.0, 109
37.382570, -121.966201, 40.0, 109
37.382539, -121.966095, 40.0, 109
37.382509, -121.965988, 40.0, 109
37.382478, -121.965882, 40.0, 109
37.382448, -121.965776, 40.0, 109
37.382417, -121.965669, 40.0, 109
37.382386, -121.965563, 40.0, 109
37.382356, -121.965457, 40.0, 109
37.382325, -121.965351, 40.0, 109
37.382294, -121.965244, 40.0, 109
37.382263, -121.965138, 40.0, 109
37.382233, -121.965032, 40.0, 109
37.382202, -121.964926, 40.0, 109
37.382171, -121.964820, 40.0, 109
37.382141, -121.964713, 40.0, 109
37.382110, -121.964607, 40.0, 109
37.382079, -121.964501, 40.0, 109
37.382049, -121.964394, 40.0, 109
37.382018, -121.964288, 40.0, 109
37.381988, -121.964182, 40.0, 107
37.381961, -121.964074, 40.0, 107
37.381931, -121.963967, 40.0, 110
37.381900, -121.963861, 40.0, 110
37.381872, -121.963754, 40.0, 108
37.381843, -121.963647, 40.0, 109
37.381813, -121.963540, 40.0, 109
37.381782, -121.963434, 40.0, 109
37.381752, -121.963328, 40.0, 109
37.381721, -121.963221, 40.0, 109
37.381691, -121.963115, 40.0, 109
37.381660, -121.963009, 40.0, 109
37.381630, -121.962902, 40.0, 109
37.381599, -121.962796, 40.0, 109
37.381569, -121.962690, 40.0, 109
37.381538, -121.962583, 40.0, 109
37.381508, -121.962477, 40.0, 109
37.381477, -121.962371, 40.0, 109
37.381447, -121.962264, 40.0, 109
37.381417, -121.962158, 40.0, 109
37.381386, -121.962051, 40.0, 109
37.381356, -121.961945, 40.0, 109
37.381326, -121.961839, 40.0, 109
37.381295, -121.961732, 40.0, 109
37.381265, -121.961626, 40.0, 109
37.381235, -121.961519, 40.0, 109
37.381204, -121.961413, 40.0, 109
37.381174, -121.961307, 40.0, 109
37.381143, -121.961200, 40.0, 109
37.381113, -121.961094, 40.0, 109
37.381083, -121.960987, 40.0, 109
37.381052, -121.960881, 40.0, 109
37.381022, -121.960775, 40.0, 109
37.380992, -121.960668, 40.0, 109
37.380961, -121.960562, 40.0, 109
37.380931, -121.960455, 40.0, 109
37.380901, -121.960349, 40.0, 109
37.380870, -121.960243, 40.0, 109
37.380840, -121.960136, 40.0, 109
37.380810, -121.960030, 40.0, 109
37.380779, -121.959923, 40.0, 109
37.380749, -121.959817, 40.0, 109
37.380719, -121.959710, 40.0, 109
37.380688, -121.959604, 40.0, 109
37.380658, -121.959498, 40.0, 110
37.380627, -121.959392, 40.0, 110
37.380596, -121.959286, 40.0, 110
37.380565, -121.959180, 40.0, 110
37.380536, -121.959073, 40.0, 107
37.380507, -121.958965, 40.0, 109
37.380477, -121.958859, 40.0, 109
37.380446, -121.958753, 40.0, 109
37.380416, -121.958646, 40.0, 109
37.380386, -121.958540, 40.0, 109
37.380355, -121.958433, 40.0, 109
37.380325, -121.958327, 40.0, 109
37.380294, -121.958221, 40.0, 109
37.380264, -121.958114, 40.0, 109
37.380234, -121.958008, 40.0, 109
37.380203, -121.957901, 40.0, 109
37.380172, -121.957796, 40.0, 110
37.380140, -121.957690, 40.0, 110
37.380109, -121.957584, 40.0, 110
37.380077, -121.957478, 40.0, 110
37.380046, -121.957372, 40.0, 110
37.380015, -121.957266, 40.0, 109
37.379984, -121.957160, 40.0, 109
37.379954, -121.957053, 40.0, 109
37.379924, -121.956947, 40.0, 109
37.379894, -121.956840, 40.0, 109
37.379863, -121.956734, 40.0, 109
37.379833, -121.956628, 40.0, 109
37.379803, -121.956521, 40.0, 109
37.379772, -121.956415, 40.0, 109
37.379742, -121.956308, 40.0, 109
37.379712, -121.956202, 40.0, 109
37.379682, -121.956095, 40.0, 109
37.379652, -121.955989, 40.0, 109
37.379622, -121.955882, 40.0, 109
37.379592, -121.955776, 40.0, 109
37.379562, -121.955669, 40.0, 109
37.379532, -121.955562, 40.0, 109
37.379502, -121.955456, 40.0, 109
37.379473, -121.955349, 40.0, 109
37.379443, -121.955242, 40.0, 109
37.379413, -121.955136, 40.0, 109
37.379385, -121.955028, 40.0, 107
37.379358, -121.954921, 40.0, 107
37.379331, -121.954813, 40.0, 107
37.379304, -121.954705, 40.0, 107
37.379277, -121.954597, 40.0, 107
37.379251, -121.954489, 40.0, 107
37.379224, -121.954381, 40.0, 107
37.379197, -121.954273, 40.0, 107
37.379170, -121.954165, 40.0, 107
37.379143, -121.954057, 40.0, 107
37.379117, -121.953949, 40.0, 107
37.379090, -121.953842, 40.0, 107
37.379063, -121.953734, 40.0, 107
37.379036, -121.953626, 40.0, 107
37.379009, -121.953518, 40.0, 107
37.378982, -121.953410, 40.0, 107
37.378959, -121.953301, 40.0, 104
37.378936, -121.953192, 40.0, 104
37.378912, -121.953083, 40.0, 104
37.378889, -121.952973, 40.0, 104
37.378866, -121.952864, 40.0, 104
37.378843, -121.952755, 40.0, 104
37.378820, -121.952646, 40.0, 104
37.378796, -121.952537, 40.0, 104
37.378773, -121.952427, 40.0, 104
37.378750, -121.952318, 40.0, 104
37.378727, -121.952209, 40.0, 104
37.378703, -121.952100, 40.0, 104
37.378680, -121.951991, 40.0, 104
37.378658, -121.951881, 40.0, 104
37.378635, -121.951772, 40.0, 104
37.378613, -121.951662, 40.0, 104
37.378590, -121.951553, 40.0, 104
37.378568, -121.951443, 40.0, 104
37.378545, -121.951334, 40.0, 104
37.378523, -121.951224, 40.0, 104
37.378500, -121.951115, 40.0, 104
37.378478, -121.951005, 40.0, 104
37.378456, -121.950896, 40.0, 104
37.378433, -121.950786, 40.0, 104
37.378411, -121.950677, 40.0, 104
37.378388, -121.950568, 40.0, 104
37.378366, -121.950458, 40.0, 104
37.378344, -121.950348, 40.0, 103
37.378323, -121.950238, 40.0, 103
37.378302, -121.950129, 40.0, 103
37.378281, -121.950019, 40.0, 103
37.378259, -121.949909, 40.0, 104
37.378236, -121.949800, 40.0, 104
37.378214, -121.949690, 40.0, 104
37.378191, -121.949581, 40.0, 104
37.378168, -121.949472, 40.0, 104
37.378145, -121.949362, 40.0, 104
37.378122, -121.949253, 40.0, 104
37.378099, -121.949144, 40.0, 104
37.378077, -121.949034, 40.0, 103
37.378056, -121.948924, 40.0, 103
37.378034, -121.948815, 40.0, 103
37.378013, -121.948705, 40.0, 103
37.377992, -121.948595, 40.0, 103
37.377970, -121.948485, 40.0, 103
37.377949, -121.948375, 40.0, 105
37.377926, -121.948266, 40.0, 105
37.377901, -121.948158, 40.0, 106
37.377876, -121.948049, 40.0, 103
37.377856, -121.947939, 40.0, 103
37.377835, -121.947829, 40.0, 103
37.377813, -121.947719, 40.0, 104
37.377791, -121.947610, 40.0, 104
37.377768, -121.947500, 40.0, 103
37.377747, -121.947390, 40.0, 103
37.377726, -121.947280, 40.0, 103
37.377706, -121.947170, 40.0, 103
37.377685, -121.947060, 40.0, 103
37.377664, -121.946951, 40.0, 103
37.377643, -121.946841, 40.0, 103
37.377622, -121.946731, 40.0, 103
37.377601, -121.946621, 40.0, 103
37.377580, -121.946511, 40.0, 103
37.377560, -121.946401, 40.0, 103
37.377538, -121.946291, 40.0, 103
37.377517, -121.946181, 40.0, 103
37.377495, -121.946071, 40.0, 103
37.377474, -121.945962, 40.0, 103
37.377453, -121.945852, 40.0, 103
37.377431, -121.945742, 40.0, 103
37.377410, -121.945632, 40.0, 103
37.377388, -121.945523, 40.0, 103
37.377367, -121.945413, 40.0, 103
37.377346, -121.945303, 40.0, 103
37.377326, -121.945192, 40.0, 103
37.377306, -121.945082, 40.0, 103
37.377285, -121.944972, 40.0, 103
37.377264, -121.944862, 40.0, 104
37.377242, -121.944753, 40.0, 104
37.377220, -121.944643, 40.0, 104
37.377197, -121.944534, 40.0, 104
37.377175, -121.944424, 40.0, 104
37.377153, -121.944315, 40.0, 103
37.377132, -121.944205, 40.0, 103
37.377111, -121.944095, 40.0, 103
37.377090, -121.943985, 40.0, 103
37.377071, -121.943874, 40.0, 100
37.377053, -121.943764, 40.0, 104
37.377031, -121.943654, 40.0, 104
37.377009, -121.943545, 40.0, 104
37.376988, -121.943435, 40.0, 103
37.376967, -121.943325, 40.0, 103
37.376947, -121.943215, 40.0, 103
37.376926, -121.943105, 40.0, 103
37.376906, -121.942995, 40.0, 103
37.376885, -121.942885, 40.0, 103
37.376865, -121.942775, 40.0, 103
37.376843, -121.942665, 40.0, 103
37.376822, -121.942555, 40.0, 103
37.376800, -121.942445, 40.0, 103
37.376779, -121.942335, 40.0, 103
37.376758, -121.942226, 40.0, 103
37.376736, -121.942116, 40.0, 103
37.376715, -121.942006, 40.0, 103
37.376693, -121.941896, 40.0, 103
37.376669, -121.941788, 40.0, 106
37.376648, -121.941678, 40.0, 101
37.376626, -121.941568, 40.0, 106
37.376602, -121.941459, 40.0, 103
37.376582, -121.941349, 40.0, 103
37.376561, -121.941239, 40.0, 103
37.376540, -121.941129, 40.0, 103
37.376519, -121.941019, 40.0, 103
37.376499, -121.940909, 40.0, 103
37.376478, -121.940799, 40.0, 103
37.376458, -121.940689, 40.0, 103
37.376437, -121.940579, 40.0, 103
37.376417, -121.940469, 40.0, 103
37.376396, -121.940359, 40.0, 103
37.376376, -121.940249, 40.0, 103
37.376355, -121.940139, 40.0, 103
37.376335, -121.940028, 40.0, 103
37.376315, -121.939918, 40.0, 103
37.376294, -121.939808, 40.0, 103
37.376274, -121.939698, 40.0, 103
37.376253, -121.939588, 40.0, 103
37.376233, -121.939478, 40.0, 103
37.376212, -121.939368, 40.0, 103
37.376192, -121.939258, 40.0, 103
37.376171, -121.939148, 40.0, 103
37.376151, -121.939038, 40.0, 103
37.376130, -121.938928, 40.0, 103
37.376110, -121.938818, 40.0, 103
37.376090, -121.938708, 40.0, 103
37.376069, -121.938598, 40.0, 103
37.376048, -121.938488, 40.0, 103
37.376027, -121.938378, 40.0, 105
37.376003, -121.938269, 40.0, 105
37.375979, -121.938160, 40.0, 105
37.375956, -121.938051, 40.0, 105
37.375932, -121.937942, 40.0, 105
37.375908, -121.937833, 40.0, 105
37.375884, -121.937724, 40.0, 105
37.375860, -121.937615, 40.0, 105
37.375836, -121.937506, 40.0, 105
37.375812, -121.937397, 40.0, 105
37.375788, -121.937288, 40.0, 105
37.375764, -121.937179, 40.0, 105
37.375740, -121.937070, 40.0, 105
37.375716, -121.936961, 40.0, 105
37.375692, -121.936852, 40.0, 105
37.375668, -121.936743, 40.0, 105
37.375644, -121.936635, 40.0, 105
37.375620, -121.936526, 40.0, 105
37.375596, -121.936417, 40.0, 105
37.375571, -121.936308, 40.0, 105
37.375547, -121.936199, 40.0, 105
37.375523, -121.936090, 40.0, 105
37.375499, -121.935981, 40.0, 105
37.375476, -121.935872, 40.0, 105
37.375452, -121.935763, 40.0, 105
37.375429, -121.935654, 40.0, 105
37.375405, -121.935545, 40.0, 105
37.375381, -121.935436, 40.0, 105
37.375358, -121.935327, 40.0, 105
37.375334, -121.935218, 40.0, 105
37.375311, -121.935109, 40.0, 105
37.375287, -121.934999, 40.0, 105
37.375263, -121.934890, 40.0, 105
37.375240, -121.934781, 40.0, 105
37.375216, -121.934672, 40.0, 105
37.375192, -121.934563, 40.0, 105
37.375169, -121.934454, 40.0, 105
37.375145, -121.934345, 40.0, 105
37.375122, -121.934236, 40.0, 105
37.375098, -121.934127, 40.0, 105
37.375073, -121.934018, 40.0, 106
37.375048, -121.933910, 40.0, 106
37.375023, -121.933801, 40.0, 106
37.374998, -121.933693, 40.0, 106
37.374973, -121.933584, 40.0, 106
37.374948, -121.933475, 40.0, 106
37.374925, -121.933366, 40.0, 104
37.374902, -121.933257, 40.0, 104
37.374880, -121.933148, 40.0, 104
37.374858, -121.933038, 40.0, 102
37.374838, -121.932928, 40.0, 101
37.374815, -121.932819, 40.0, 107
37.374788, -121.932711, 40.0, 107
37.374761, -121.932603, 40.0, 107
37.374734, -121.932495, 40.0, 107
37.374711, -121.932386, 40.0, 101
37.374686, -121.932277, 40.0, 106
37.374661, -121.932169, 40.0, 106
37.374636, -121.932060, 40.0, 106
37.374610, -121.931952, 40.0, 106
37.374585, -121.931843, 40.0, 106
37.374560, -121.931735, 40.0, 106
37.374535, -121.931626, 40.0, 106
37.374510, -121.931518, 40.0, 106
37.374485, -121.931409, 40.0, 106
37.374460, -121.931300, 40.0, 106
37.374435, -121.931192, 40.0, 106
37.374410, -121.931083, 40.0, 106
37.374385, -121.930975, 40.0, 106
37.374360, -121.930866, 40.0, 106
37.374335, -121.930758, 40.0, 105
37.374311, -121.930649, 40.0, 105
37.374287, -121.930540, 40.0, 105
37.374262, -121.930431, 40.0, 105
37.374238, -121.930322, 40.0, 105
37.374214, -121.930213, 40.0, 105
37.374190, -121.930104, 40.0, 105
37.374166, -121.929996, 40.0, 105
37.374141, -121.929887, 40.0, 105
37.374116, -121.929778, 40.0, 106
37.374091, -121.929670, 40.0, 106
37.374065, -121.929562, 40.0, 106
37.374040, -121.929453, 40.0, 106
37.374014, -121.929345, 40.0, 106
37.373989, -121.929236, 40.0, 106
37.373963, -121.929128, 40.0, 106
37.373937, -121.929020, 40.0, 107
37.373910, -121.928912, 40.0, 107
37.373883, -121.928804, 40.0, 107
37.373857, -121.928696, 40.0, 107
37.373830, -121.928588, 40.0, 107
37.373803, -121.928480, 40.0, 107
37.373775, -121.928373, 40.0, 107
37.373748, -121.928265, 40.0, 107
37.373720, -121.928158, 40.0, 107
37.373693, -121.928050, 40.0, 107
37.373672, -121.927940, 40.0, 102
37.373652, -121.927830, 40.0, 102
37.373625, -121.927722, 40.0, 107
37.373598, -121.927614, 40.0, 107
37.373570, -121.927507, 40.0, 107
37.373543, -121.927399, 40.0, 107
37.373516, -121.927291, 40.0, 106
37.373491, -121.927183, 40.0, 106
37.373466, -121.927074, 40.0, 106
37.373440, -121.926966, 40.0, 106
37.373415, -121.926857, 40.0, 106
37.373390, -121.926749, 40.0, 106
37.373364, -121.926640, 40.0, 106
37.373339, -121.926532, 40.0, 106
37.373314, -121.926423, 40.0, 106
37.373288, -121.926315, 40.0, 106
37.373263, -121.926207, 40.0, 106
37.373237, -121.926098, 40.0, 106
37.373212, -121.925990, 40.0, 106
37.373186, -121.925882, 40.0, 106
37.373160, -121.925773, 40.0, 106
37.373135, -121.925665, 40.0, 106
37.373109, -121.925557, 40.0, 106
37.373084, -121.925448, 40.0, 106
37.373058, -121.925340, 40.0, 106
37.373033, -121.925231, 40.0, 106
37.373007, -121.925123, 40.0, 106
37.372981, -121.925015, 40.0, 106
37.372956, -121.924906, 40.0, 106
37.372930, -121.924798, 40.0, 106
37.372904, -121.924690, 40.0, 106
37.372878, -121.924582, 40.0, 106
37.372852, -121.924474, 40.0, 106
37.372826, -121.924365, 40.0, 106
37.372800, -121.924257, 40.0, 105
37.372776, -121.924148, 40.0, 105
37.372752, -121.924039, 40.0, 105
37.372728, -121.923930, 40.0, 105
37.372705, -121.923821, 40.0, 105
37.372686, -121.923711, 40.0, 101
37.372669, -121.923600, 40.0, 101
37.372651, -121.923489, 40.0, 101
37.372635, -121.923378, 40.0, 100
37.372619, -121.923266, 40.0, 100
37.372604, -121.923155, 40.0, 100
37.372588, -121.923044, 40.0, 100
37.372571, -121.922933, 40.0, 100
37.372555, -121.922822, 40.0, 99
37.372540, -121.922710, 40.0, 99
37.372525, -121.922599, 40.0, 99
37.372510, -121.922487, 40.0, 99
37.372495, -121.922376, 40.0, 99
37.372480, -121.922264, 40.0, 99
37.372465, -121.922153, 40.0, 99
37.372450, -121.922041, 40.0, 99
37.372435, -121.921930, 40.0, 99
37.372420, -121.921818, 40.0, 99
37.372405, -121.921707, 40.0, 100
37.372388, -121.921596, 40.0, 100
37.372372, -121.921485, 40.0, 100
37.372355, -121.921374, 40.0, 100
37.372339, -121.921263, 40.0, 100
37.372322, -121.921152, 40.0, 100
37.372306, -121.921040, 40.0, 100
37.372290, -121.920929, 40.0, 100
37.372274, -121.920818, 40.0, 100
37.372258, -121.920707, 40.0, 100
37.372242, -121.920595, 40.0, 100
37.372226, -121.920484, 40.0, 100
37.372210, -121.920373, 40.0, 100
37.372195, -121.920262, 40.0, 100
37.372179, -121.920150, 40.0, 100
37.372163, -121.920039, 40.0, 100
37.372147, -121.919928, 40.0, 100
37.372131, -121.919817, 40.0, 100
37.372115, -121.919705, 40.0, 100
37.372099, -121.919594, 40.0, 98
37.372084, -121.919483, 40.0, 101
37.372064, -121.919372, 40.0, 104
37.372045, -121.919262, 40.0, 101
37.372027, -121.919151, 40.0, 101
37.372008, -121.919041, 40.0, 101
37.371990, -121.918930, 40.0, 101
37.371972, -121.918819, 40.0, 101
37.371953, -121.918709, 40.0, 101
37.371936, -121.918598, 40.0, 101
37.371918, -121.918487, 40.0, 101
37.371900, -121.918376, 40.0, 101
37.371882, -121.918265, 40.0, 101
37.371865, -121.918155, 40.0, 101
37.371847, -121.918044, 40.0, 101
37.371829, -121.917933, 40.0, 101
37.371812, -121.917822, 40.0, 101
37.371794, -121.917711, 40.0, 101
37.371776, -121.917601, 40.0, 101
37.371757, -121.917490, 40.0, 101
37.371739, -121.917379, 40.0, 101
37.371721, -121.917269, 40.0, 101
37.371702, -121.917158, 40.0, 104
37.371680, -121.917049, 40.0, 101
37.371661, -121.916938, 40.0, 101
37.371641, -121.916828, 40.0, 104
37.371619, -121.916718, 40.0, 104
37.371596, -121.916609, 40.0, 104
37.371574, -121.916500, 40.0, 104
37.371551, -121.916390, 40.0, 104
37.371528, -121.916281, 40.0, 104
37.371505, -121.916172, 40.0, 105
37.371480, -121.916063, 40.0, 105
37.371456, -121.915954, 40.0, 105
37.371432, -121.915845, 40.0, 105
37.371407, -121.915737, 40.0, 105
37.371380, -121.915629, 40.0, 111
37.371347, -121.915524, 40.0, 111
37.371314, -121.915419, 40.0, 110
37.371283, -121.915313, 40.0, 110
37.371251, -121.915207, 40.0, 110
37.371220, -121.915101, 40.0, 110
37.371186, -121.914997, 40.0, 112
37.371151, -121.914892, 40.0, 112
37.371116, -121.914788, 40.0, 112
37.371082, -121.914684, 40.0, 112
37.371048, -121.914579, 40.0, 112
37.371014, -121.914474, 40.0, 112
37.370980, -121.914370, 40.0, 112
37.370946, -121.914265, 40.0, 112
37.370912, -121.914160, 40.0, 112
37.370878, -121.914056, 40.0, 112
37.370845, -121.913951, 40.0, 111
37.370812, -121.913846, 40.0, 111
37.370779, -121.913740, 40.0, 111
37.370746, -121.913635, 40.0, 111
37.370714, -121.913530, 40.0, 111
37.370680, -121.913425, 40.0, 111
37.370647, -121.913320, 40.0, 111
37.370613, -121.913215, 40.0, 111
37.370580, -121.913110, 40.0, 111
37.370545, -121.913006, 40.0, 112
37.370511, -121.912901, 40.0, 112
37.370477, -121.912797, 40.0, 112
37.370443, -121.912692, 40.0, 112
37.370409, -121.912588, 40.0, 112
37.370375, -121.912483, 40.0, 112
37.370340, -121.912379, 40.0, 112
37.370306, -121.912274, 40.0, 112
37.370272, -121.912170, 40.0, 112
37.370237, -121.912065, 40.0, 112
37.370203, -121.911961, 40.0, 112
37.370169, -121.911856, 40.0, 112
37.370133, -121.911753, 40.0, 114
37.370096, -121.911650, 40.0, 114
37.370059, -121.911547, 40.0, 114
37.370022, -121.911443, 40.0, 114
37.369985, -121.911340, 40.0, 114
37.369947, -121.911238, 40.0, 117
37.369906, -121.911138, 40.0, 117
37.369864, -121.911038, 40.0, 117
37.369823, -121.910937, 40.0, 117
37.369779, -121.910838, 40.0, 119
37.369735, -121.910740, 40.0, 123
37.369685, -121.910646, 40.0, 123
37.369635, -121.910553, 40.0, 123
37.369585, -121.910459, 40.0, 123
37.369531, -121.910368, 40.0, 126
37.369478, -121.910277, 40.0, 126
37.369424, -121.910186, 40.0, 126
37.369371, -121.910096, 40.0, 126
37.369317, -121.910005, 40.0, 127
37.369262, -121.909916, 40.0, 127
37.369207, -121.909826, 40.0, 127
37.369152, -121.909737, 40.0, 127
37.369097, -121.909648, 40.0, 127
37.369041, -121.909559, 40.0, 127
37.368986, -121.909470, 40.0, 128
37.368929, -121.909382, 40.0, 129
37.368872, -121.909295, 40.0, 129
37.368815, -121.909208, 40.0, 129
37.368757, -121.909122, 40.0, 132
37.368695, -121.909039, 40.0, 132
37.368634, -121.908956, 40.0, 132
37.368573, -121.908873, 40.0, 132
37.368512, -121.908790, 40.0, 132
37.368450, -121.908708, 40.0, 135
37.368387, -121.908629, 40.0, 135
37.368323, -121.908549, 40.0, 135
37.368259, -121.908470, 40.0, 135
37.368195, -121.908390, 40.0, 135
37.368131, -121.908311, 40.0, 135
37.368067, -121.908231, 40.0, 135
37.368004, -121.908152, 40.0, 135
37.367940, -121.908072, 40.0, 135
37.367875, -121.907993, 40.0, 135
37.367811, -121.907914, 40.0, 135
37.367746, -121.907836, 40.0, 136
37.367682, -121.907757, 40.0, 136
37.367617, -121.907679, 40.0, 136
37.367552, -121.907601, 40.0, 136
37.367487, -121.907523, 40.0, 136
37.367422, -121.907445, 40.0, 136
37.367357, -121.907366, 40.0, 136
37.367293, -121.907288, 40.0, 136
37.367228, -121.907209, 40.0, 136
37.367164, -121.907131, 40.0, 136
37.367099, -121.907052, 40.0, 136
37.367034, -121.906974, 40.0, 136
37.366970, -121.906895, 40.0, 136
37.366905, -121.906817, 40.0, 136
37.366840, -121.906738, 40.0, 136
37.366776, -121.906660, 40.0, 136
37.366711, -121.906581, 40.0, 136
37.366646, -121.906503, 40.0, 136
37.366582, -121.906424, 40.0, 136
37.366517, -121.906346, 40.0, 136
37.366453, -121.906267, 40.0, 136
37.366388, -121.906188, 40.0, 135
37.366324, -121.906109, 40.0, 135
37.366261, -121.906029, 40.0, 135
37.366197, -121.905950, 40.0, 135
37.366133, -121.905870, 40.0, 135
37.366069, -121.905791, 40.0, 135
37.366007, -121.905708, 40.0, 132
37.365947, -121.905625, 40.0, 132
37.365886, -121.905542, 40.0, 132
37.365825, -121.905459, 40.0, 132
37.365764, -121.905376, 40.0, 132
37.365703, -121.905293, 40.0, 132
37.365642, -121.905210, 40.0, 132
37.365581, -121.905127, 40.0, 132
37.365520, -121.905044, 40.0, 132
37.365480, -121.904990, 40.0, 136
37.365415, -121.904913, 40.0, 136
37.365350, -121.904834, 40.0, 134
37.365287, -121.904753, 40.0, 134
37.365224, -121.904673, 40.0, 137
37.365158, -121.904597, 40.0, 137
37.365092, -121.904520, 40.0, 136
37.365026, -121.904442, 40.0, 136
37.364961, -121.904365, 40.0, 136
37.364896, -121.904287, 40.0, 135
37.364832, -121.904207, 40.0, 134
37.364769, -121.904127, 40.0, 134
37.364705, -121.904048, 40.0, 136
37.364639, -121.903971, 40.0, 136
37.364571, -121.903897, 40.0, 139
37.364502, -121.903824, 40.0, 139
37.364428, -121.903761, 40.0, 151
37.364350, -121.903707, 40.0, 151
37.364269, -121.903658, 40.0, 154
37.364187, -121.903610, 40.0, 154
37.364106, -121.903562, 40.0, 154
37.364024, -121.903514, 40.0, 154
37.363941, -121.903472, 40.0, 159
37.363857, -121.903432, 40.0, 159
37.363773, -121.903392, 40.0, 159
37.363690, -121.903348, 40.0, 157
37.363607, -121.903305, 40.0, 157
37.363524, -121.903263, 40.0, 160
37.363439, -121.903225, 40.0, 160
37.363355, -121.903188, 40.0, 160
37.363270, -121.903150, 40.0, 160
37.363185, -121.903112, 40.0, 160
37.363096, -121.903095, 40.0, 172
37.363007, -121.903080, 40.0, 172
37.362918, -121.903070, 40.0, 180
37.362828, -121.903070, 40.0, 180
37.362741, -121.903093, 40.0, 196
37.362656, -121.903128, 40.0, 202
37.362573, -121.903172, 40.0, 202
37.362491, -121.903217, 40.0, 205
37.362410, -121.903266, 40.0, 205
37.362329, -121.903315, 40.0, 205
37.362250, -121.903368, 40.0, 214
37.362176, -121.903432, 40.0, 214
37.362103, -121.903497, 40.0, 218
37.362032, -121.903568, 40.0, 218
37.361962, -121.903638, 40.0, 218
37.361892, -121.903708, 40.0, 218
37.361821, -121.903779, 40.0, 218
37.361751, -121.903849, 40.0, 218
37.361681, -121.903919, 40.0, 218
37.361610, -121.903990, 40.0, 218
37.361540, -121.904060, 40.0, 218
37.361470, -121.904130, 40.0, 218
37.361399, -121.904201, 40.0, 218
37.361329, -121.904271, 40.0, 218
37.361259, -121.904341, 40.0, 218
37.361188, -121.904412, 40.0, 218
37.361118, -121.904482, 40.0, 218
37.361045, -121.904548, 40.0, 214
37.360974, -121.904616, 40.0, 218
37.360904, -121.904688, 40.0, 222
37.360839, -121.904765, 40.0, 222
37.360771, -121.904839, 40.0, 218
37.360701, -121.904909, 40.0, 218
37.360630, -121.904980, 40.0, 218
37.360560, -121.905050, 40.0, 218
37.360490, -121.905120, 40.0, 218
37.360419, -121.905191, 40.0, 218
37.360350, -121.905262, 40.0, 220
37.360281, -121.905336, 40.0, 220
37.360212, -121.905408, 40.0, 218
37.360142, -121.905478, 40.0, 218
37.360072, -121.905548, 40.0, 218
37.360001, -121.905619, 40.0, 218
37.359931, -121.905689, 40.0, 218
37.359861, -121.905759, 40.0, 218
37.359790, -121.905830, 40.0, 218
37.359720, -121.905900, 40.0, 218
37.359650, -121.905970, 40.0, 218
37.359579, -121.906041, 40.0, 218
37.359509, -121.906111, 40.0, 218
37.359439, -121.906181, 40.0, 218
37.359368, -121.906252, 40.0, 218
37.359298, -121.906322, 40.0, 218
37.359228, -121.906392, 40.0, 218
37.359157, -121.906463, 40.0, 218
37.359087, -121.906533, 40.0, 218
37.359017, -121.906603, 40.0, 218
37.358946, -121.906674, 40.0, 218
37.358876, -121.906744, 40.0, 218
37.358806, -121.906814, 40.0, 218
37.358735, -121.906885, 40.0, 218
37.358665, -121.906955, 40.0, 218
37.358595, -121.907025, 40.0, 218
37.358525, -121.907095, 40.0, 218
37.358454, -121.907166, 40.0, 218
37.358385, -121.907237, 40.0, 221
37.358317, -121.907312, 40.0, 221
37.358246, -121.907380, 40.0, 216
37.358174, -121.907448, 40.0, 216
37.358103, -121.907517, 40.0, 218
37.358032, -121.907588, 40.0, 218
37.357962, -121.907658, 40.0, 218
37.357892, -121.907728, 40.0, 218
37.357821, -121.907799, 40.0, 218
37.357751, -121.907869, 40.0, 218
37.357681, -121.907939, 40.0, 218
37.357611, -121.908009, 40.0, 218
37.357540, -121.908080, 40.0, 218
37.357470, -121.908150, 40.0, 218
37.357400, -121.908220, 40.0, 218
37.357329, -121.908291, 40.0, 218
37.357259, -121.908361, 40.0, 218
37.357189, -121.908431, 40.0, 218
37.357118, -121.908502, 40.0, 218
37.357048, -121.908572, 40.0, 218
37.356978, -121.908642, 40.0, 218
37.356907, -121.908713, 40.0, 218
37.356837, -121.908783, 40.0, 218
37.356767, -121.908853, 40.0, 218
37.356696, -121.908924, 40.0, 218
37.356626, -121.908994, 40.0, 218
37.356555, -121.909064, 40.0, 217
37.356484, -121.909133, 40.0, 217
37.356413, -121.909202, 40.0, 217
37.356342, -121.909271, 40.0, 217
37.356271, -121.909341, 40.0, 217
37.356200, -121.909410, 40.0, 217
37.356130, -121.909480, 40.0, 218
37.356060, -121.909551, 40.0, 218
37.355990, -121.909621, 40.0, 218
37.355920, -121.909692, 40.0, 218
37.355850, -121.909763, 40.0, 218
37.355780, -121.909834, 40.0, 218
37.355710, -121.909905, 40.0, 218
37.355640, -121.909975, 40.0, 218
37.355570, -121.910046, 40.0, 218
37.355500, -121.910117, 40.0, 218
37.355430, -121.910188, 40.0, 218
37.355360, -121.910259, 40.0, 218
37.355290, -121.910329, 40.0, 218
37.355220, -121.910400, 40.0, 218
37.355150, -121.910472, 40.0, 219
37.355080, -121.910543, 40.0, 219
37.355011, -121.910615, 40.0, 219
37.354942, -121.910687, 40.0, 219
37.354872, -121.910758, 40.0, 219
37.354803, -121.910830, 40.0, 219
37.354733, -121.910902, 40.0, 219
37.354664, -121.910973, 40.0, 219
37.354594, -121.911045, 40.0, 219
37.354527, -121.911119, 40.0, 222
37.354460, -121.911195, 40.0, 222
37.354393, -121.911271, 40.0, 222
37.354326, -121.911346, 40.0, 220
37.354258, -121.911419, 40.0, 220
37.354188, -121.911490, 40.0, 216
37.354116, -121.911557, 40.0, 216
37.354044, -121.911626, 40.0, 218
37.353974, -121.911696, 40.0, 218
37.353904, -121.911766, 40.0, 218
37.353832, -121.911835, 40.0, 215
37.353759, -121.911900, 40.0, 215
37.353685, -121.911965, 40.0, 215
37.353615, -121.912035, 40.0, 218
37.353544, -121.912105, 40.0, 216
37.353473, -121.912173, 40.0, 216
37.353401, -121.912241, 40.0, 216
37.353333, -121.912315, 40.0, 223
37.353266, -121.912390, 40.0, 221
37.353198, -121.912464, 40.0, 221
37.353130, -121.912539, 40.0, 221
37.353062, -121.912611, 40.0, 219
37.352993, -121.912683, 40.0, 219
37.352924, -121.912756, 40.0, 219
37.352856, -121.912830, 40.0, 221
37.352789, -121.912905, 40.0, 221
37.352721, -121.912980, 40.0, 221
37.352654, -121.913055, 40.0, 221
37.352590, -121.913133, 40.0, 225
37.352526, -121.913213, 40.0, 225
37.352463, -121.913293, 40.0, 225
37.352399, -121.913373, 40.0, 225
37.352336, -121.913453, 40.0, 225
37.352272, -121.913533, 40.0, 225
37.352209, -121.913613, 40.0, 225
37.352145, -121.913693, 40.0, 225
37.352082, -121.913774, 40.0, 226
37.352021, -121.913856, 40.0, 226
37.351960, -121.913939, 40.0, 226
37.351898, -121.914021, 40.0, 226
37.351837, -121.914104, 40.0, 226
37.351775, -121.914186, 40.0, 227
37.351714, -121.914269, 40.0, 227
37.351653, -121.914352, 40.0, 227
37.351593, -121.914436, 40.0, 228
37.351534, -121.914521, 40.0, 228
37.351474, -121.914605, 40.0, 228
37.351414, -121.914690, 40.0, 228
37.351355, -121.914774, 40.0, 228
37.351295, -121.914859, 40.0, 228
37.351236, -121.914944, 40.0, 228
37.351177, -121.915029, 40.0, 228
37.351117, -121.915113, 40.0, 228
37.351058, -121.915198, 40.0, 228
37.350998, -121.915283, 40.0, 228
37.350939, -121.915367, 40.0, 228
37.350879, -121.915451, 40.0, 227
37.350818, -121.915535, 40.0, 227
37.350758, -121.915619, 40.0, 227
37.350697, -121.915702, 40.0, 227
37.350637, -121.915786, 40.0, 227
37.350577, -121.915870, 40.0, 227
37.350516, -121.915953, 40.0, 227
37.350456, -121.916037, 40.0, 227
37.350396, -121.916121, 40.0, 227
37.350335, -121.916204, 40.0, 227
37.350274, -121.916288, 40.0, 227
37.350214, -121.916371, 40.0, 227
37.350153, -121.916454, 40.0, 227
37.350092, -121.916537, 40.0, 227
37.350031, -121.916621, 40.0, 227
37.349971, -121.916704, 40.0, 227
37.349910, -121.916787, 40.0, 227
37.349849, -121.916870, 40.0, 227
37.349789, -121.916954, 40.0, 227
37.349728, -121.917037, 40.0, 227
37.349667, -121.917120, 40.0, 227
37.349608, -121.917205, 40.0, 228
37.349549, -121.917290, 40.0, 228
37.349489, -121.917375, 40.0, 227
37.349429, -121.917459, 40.0, 227
37.349369, -121.917543, 40.0, 227
37.349309, -121.917627, 40.0, 227
37.349248, -121.917710, 40.0, 227
37.349187, -121.917793, 40.0, 226
37.349125, -121.917874, 40.0, 226
37.349062, -121.917956, 40.0, 226
37.349000, -121.918037, 40.0, 226
37.348940, -121.918121, 40.0, 228
37.348880, -121.918205, 40.0, 228
37.348821, -121.918290, 40.0, 228
37.348757, -121.918370, 40.0, 222
37.348697, -121.918454, 40.0, 229
37.348639, -121.918539, 40.0, 229
37.348580, -121.918625, 40.0, 228
37.348520, -121.918709, 40.0, 228
37.348460, -121.918793, 40.0, 228
37.348401, -121.918878, 40.0, 229
37.348342, -121.918964, 40.0, 229
37.348283, -121.919049, 40.0, 229
37.348225, -121.919135, 40.0, 229
37.348166, -121.919220, 40.0, 228
37.348107, -121.919305, 40.0, 228
37.348048, -121.919390, 40.0, 228
37.347988, -121.919475, 40.0, 228
37.347929, -121.919560, 40.0, 228
37.347870, -121.919645, 40.0, 228
37.347811, -121.919730, 40.0, 228
37.347751, -121.919815, 40.0, 228
37.347692, -121.919900, 40.0, 228
37.347633, -121.919985, 40.0, 228
37.347573, -121.920070, 40.0, 228
37.347514, -121.920154, 40.0, 228
37.347455, -121.920239, 40.0, 228
37.347395, -121.920324, 40.0, 228
37.347336, -121.920409, 40.0, 228
37.347277, -121.920494, 40.0, 228
37.347217, -121.920579, 40.0, 228
37.347158, -121.920664, 40.0, 228
37.347099, -121.920749, 40.0, 228
37.347040, -121.920834, 40.0, 228
37.346981, -121.920919, 40.0, 228
37.346921, -121.921004, 40.0, 228
37.346862, -121.921089, 40.0, 228
37.346803, -121.921174, 40.0, 228
37.346744, -121.921259, 40.0, 228
37.346684, -121.921343, 40.0, 228
37.346624, -121.921427, 40.0, 228
37.346564, -121.921511, 40.0, 228
37.346504, -121.921595, 40.0, 228
37.346444, -121.921680, 40.0, 228
37.346385, -121.921764, 40.0, 228
37.346325, -121.921849, 40.0, 228
37.346266, -121.921933, 40.0, 228
37.346205, -121.922017, 40.0, 227
37.346144, -121.922100, 40.0, 227
37.346083, -121.922183, 40.0, 226
37.346022, -121.922265, 40.0, 226
37.345960, -121.922348, 40.0, 226
37.345899, -121.922430, 40.0, 226
37.345838, -121.922513, 40.0, 226
37.345776, -121.922595, 40.0, 227
37.345716, -121.922679, 40.0, 227
37.345656, -121.922763, 40.0, 227
37.345596, -121.922847, 40.0, 227
37.345536, -121.922931, 40.0, 227
37.345476, -121.923015, 40.0, 227
37.345415, -121.923099, 40.0, 227
37.345355, -121.923183, 40.0, 227
37.345295, -121.923267, 40.0, 227
37.345235, -121.923351, 40.0, 228
37.345175, -121.923435, 40.0, 228
37.345115, -121.923519, 40.0, 228
37.345053, -121.923600, 40.0, 225
37.344989, -121.923681, 40.0, 222
37.344924, -121.923757, 40.0, 222
37.344858, -121.923835, 40.0, 224
37.344794, -121.923914, 40.0, 224
37.344729, -121.923992, 40.0, 222
37.344663, -121.924069, 40.0, 222
37.344597, -121.924145, 40.0, 219
37.344528, -121.924217, 40.0, 219
37.344459, -121.924289, 40.0, 219
37.344390, -121.924362, 40.0, 219
37.344321, -121.924434, 40.0, 219
37.344252, -121.924507, 40.0, 219
37.344183, -121.924579, 40.0, 219
37.344114, -121.924651, 40.0, 219
37.344045, -121.924724, 40.0, 219
37.343973, -121.924792, 40.0, 215
37.343901, -121.924859, 40.0, 217
37.343829, -121.924927, 40.0, 217
37.343757, -121.924995, 40.0, 217
37.343685, -121.925063, 40.0, 216
37.343613, -121.925129, 40.0, 216
37.343540, -121.925196, 40.0, 216
37.343468, -121.925262, 40.0, 216
37.343395, -121.925329, 40.0, 216
37.343322, -121.925395, 40.0, 216
37.343250, -121.925462, 40.0, 216
37.343177, -121.925528, 40.0, 215
37.343104, -121.925594, 40.0, 215
37.343031, -121.925660, 40.0, 215
37.342959, -121.925727, 40.0, 215
37.342886, -121.925793, 40.0, 215
37.342813, -121.925859, 40.0, 215
37.342741, -121.925926, 40.0, 216
37.342668, -121.925993, 40.0, 216
37.342601, -121.926067, 40.0, 222
37.342535, -121.926144, 40.0, 222
37.342466, -121.926217, 40.0, 219
37.342397, -121.926289, 40.0, 219
37.342328, -121.926361, 40.0, 219
37.342263, -121.926439, 40.0, 223
37.342198, -121.926517, 40.0, 223
37.342133, -121.926595, 40.0, 223
37.342068, -121.926673, 40.0, 223
37.342003, -121.926752, 40.0, 223
37.341938, -121.926830, 40.0, 223
37.341876, -121.926911, 40.0, 226
37.341815, -121.926994, 40.0, 226
37.341753, -121.927076, 40.0, 226
37.341691, -121.927158, 40.0, 226
37.341630, -121.927240, 40.0, 226
37.341568, -121.927322, 40.0, 226
37.341507, -121.927405, 40.0, 226
37.341445, -121.927487, 40.0, 226
37.341383, -121.927569, 40.0, 226
37.341321, -121.927650, 40.0, 226
37.341259, -121.927732, 40.0, 226
37.341197, -121.927814, 40.0, 226
37.341136, -121.927897, 40.0, 227
37.341075, -121.927980, 40.0, 227
37.341014, -121.928063, 40.0, 227
37.340953, -121.928146, 40.0, 227
37.340892, -121.928229, 40.0, 227
37.340831, -121.928312, 40.0, 227
37.340769, -121.928394, 40.0, 226
37.340708, -121.928476, 40.0, 226
37.340646, -121.928558, 40.0, 226
37.340584, -121.928640, 40.0, 226
37.340522, -121.928722, 40.0, 226
37.340461, -121.928804, 40.0, 226
37.340399, -121.928886, 40.0, 226
37.340337, -121.928968, 40.0, 226
37.340275, -121.929050, 40.0, 226
37.340214, -121.929132, 40.0, 226
37.340152, -121.929214, 40.0, 226
37.340089, -121.929295, 40.0, 224
37.340025, -121.929374, 40.0, 224
37.339962, -121.929454, 40.0, 226
37.339900, -121.929536, 40.0, 226
37.339838, -121.929618, 40.0, 226
37.339776, -121.929700, 40.0, 226
37.339714, -121.929782, 40.0, 226
37.339652, -121.929864, 40.0, 226
37.339590, -121.929945, 40.0, 226
37.339528, -121.930027, 40.0, 226
37.339466, -121.930108, 40.0, 226
37.339403, -121.930190, 40.0, 226
37.339341, -121.930272, 40.0, 227
37.339280, -121.930355, 40.0, 227
37.339219, -121.930438, 40.0, 226
37.339159, -121.930521, 40.0, 224
37.339095, -121.930601, 40.0, 224
37.339031, -121.930680, 40.0, 224
37.338967, -121.930759, 40.0, 224
37.338903, -121.930838, 40.0, 224
37.338838, -121.930917, 40.0, 224
37.338774, -121.930996, 40.0, 224
37.338709, -121.931074, 40.0, 222
37.338643, -121.931150, 40.0, 222
37.338577, -121.931227, 40.0, 222
37.338511, -121.931303, 40.0, 222
37.338445, -121.931380, 40.0, 222
37.338378, -121.931456, 40.0, 221
37.338311, -121.931531, 40.0, 221
37.338244, -121.931606, 40.0, 221
37.338177, -121.931681, 40.0, 221
37.338110, -121.931756, 40.0, 221
37.338044, -121.931833, 40.0, 224
37.337980, -121.931912, 40.0, 224
37.337916, -121.931991, 40.0, 224
37.337852, -121.932071, 40.0, 224
37.337788, -121.932150, 40.0, 224
37.337725, -121.932230, 40.0, 225
37.337661, -121.932311, 40.0, 225
37.337598, -121.932391, 40.0, 225
37.337535, -121.932471, 40.0, 225
37.337472, -121.932551, 40.0, 225
37.337409, -121.932632, 40.0, 224
37.337345, -121.932711, 40.0, 224
37.337281, -121.932790, 40.0, 224
37.337216, -121.932869, 40.0, 224
37.337152, -121.932949, 40.0, 224
37.337088, -121.933028, 40.0, 224
37.337024, -121.933107, 40.0, 226
37.336962, -121.933189, 40.0, 226
37.336900, -121.933270, 40.0, 226
37.336837, -121.933351, 40.0, 226
37.336775, -121.933433, 40.0, 226
37.336713, -121.933514, 40.0, 226
37.336650, -121.933595, 40.0, 226
37.336588, -121.933677, 40.0, 226
37.336526, -121.933758, 40.0, 226
37.336463, -121.933839, 40.0, 226
37.336401, -121.933921, 40.0, 226
37.336339, -121.934002, 40.0, 225
37.336276, -121.934082, 40.0, 225
37.336213, -121.934163, 40.0, 225
37.336150, -121.934244, 40.0, 225
37.336087, -121.934324, 40.0, 225
37.336024, -121.934405, 40.0, 225
37.335961, -121.934486, 40.0, 225
37.335898, -121.934566, 40.0, 225
37.335835, -121.934647, 40.0, 225
37.335772, -121.934727, 40.0, 225
37.335710, -121.934809, 40.0, 226
37.335647, -121.934890, 40.0, 226
37.335585, -121.934971, 40.0, 226
37.335523, -121.935053, 40.0, 226
37.335460, -121.935134, 40.0, 226
37.335398, -121.935216, 40.0, 226
37.335336, -121.935297, 40.0, 226
37.335274, -121.935378, 40.0, 226
37.335212, -121.935460, 40.0, 226
37.335150, -121.935542, 40.0, 226
37.335087, -121.935624, 40.0, 226
37.335025, -121.935705, 40.0, 226
37.334963, -121.935787, 40.0, 226
37.334901, -121.935869, 40.0, 226
37.334839, -121.935950, 40.0, 225
37.334776, -121.936030, 40.0, 225
37.334713, -121.936111, 40.0, 225
37.334652, -121.936194, 40.0, 229
37.334594, -121.936280, 40.0, 229
37.334535, -121.936365, 40.0, 229
37.334475, -121.936450, 40.0, 227
37.334415, -121.936533, 40.0, 227
37.334354, -121.936616, 40.0, 227
37.334293, -121.936699, 40.0, 225
37.334230, -121.936781, 40.0, 225
37.334168, -121.936862, 40.0, 225
37.334105, -121.936943, 40.0, 225
37.334043, -121.937024, 40.0, 225
37.333981, -121.937105, 40.0, 225
37.333918, -121.937187, 40.0, 225
37.333856, -121.937268, 40.0, 225
37.333793, -121.937349, 40.0, 226
37.333732, -121.937431, 40.0, 226
37.333670, -121.937513, 40.0, 226
37.333608, -121.937596, 40.0, 226
37.333547, -121.937678, 40.0, 226
37.333485, -121.937760, 40.0, 226
37.333423, -121.937842, 40.0, 226
37.333362, -121.937924, 40.0, 226
37.333300, -121.938007, 40.0, 226
37.333238, -121.938089, 40.0, 226
37.333175, -121.938169, 40.0, 224
37.333111, -121.938248, 40.0, 224
37.333048, -121.938329, 40.0, 226
37.332987, -121.938412, 40.0, 226
37.332926, -121.938494, 40.0, 226
37.332864, -121.938577, 40.0, 226
37.332803, -121.938658, 40.0, 222
37.332736, -121.938735, 40.0, 222
37.332670, -121.938811, 40.0, 222
37.332603, -121.938887, 40.0, 222
37.332537, -121.938963, 40.0, 222
37.332471, -121.939039, 40.0, 222
37.332404, -121.939115, 40.0, 222
37.332338, -121.939191, 40.0, 222
37.332269, -121.939263, 40.0, 219
37.332199, -121.939335, 40.0, 219
37.332130, -121.939407, 40.0, 219
37.332060, -121.939478, 40.0, 219
37.331989, -121.939546, 40.0, 214
37.331915, -121.939610, 40.0, 214
37.331841, -121.939674, 40.0, 214
37.331767, -121.939739, 40.0, 214
37.331693, -121.939803, 40.0, 214
37.331617, -121.939863, 40.0, 208
37.331538, -121.939918, 40.0, 208
37.331460, -121.939973, 40.0, 208
37.331381, -121.940027, 40.0, 208
37.331302, -121.940081, 40.0, 205
37.331221, -121.940129, 40.0, 205
37.331140, -121.940177, 40.0, 205
37.331058, -121.940225, 40.0, 205
37.330976, -121.940270, 40.0, 198
37.330892, -121.940309, 40.0, 201
37.330808, -121.940351, 40.0, 201
37.330724, -121.940391, 40.0, 199
37.330640, -121.940429, 40.0, 199
37.330555, -121.940466, 40.0, 199
37.330470, -121.940503, 40.0, 199
37.330385, -121.940540, 40.0, 199
37.330300, -121.940578, 40.0, 199
37.330215, -121.940611, 40.0, 194
37.330128, -121.940640, 40.0, 194
37.330041, -121.940668, 40.0, 194
37.329954, -121.940696, 40.0, 194
37.329867, -121.940725, 40.0, 194
37.329779, -121.940749, 40.0, 189
37.329691, -121.940767, 40.0, 189
37.329602, -121.940786, 40.0, 189
37.329513, -121.940805, 40.0, 189
37.329425, -121.940822, 40.0, 185
37.329335, -121.940833, 40.0, 185
37.329246, -121.940844, 40.0, 185
37.329157, -121.940855, 40.0, 185
37.329067, -121.940867, 40.0, 185
37.328978, -121.940878, 40.0, 185
37.328888, -121.940880, 40.0, 180
37.328798, -121.940880, 40.0, 180
37.328708, -121.940880, 40.0, 180
37.328619, -121.940880, 40.0, 180
37.328529, -121.940880, 40.0, 180
37.328439, -121.940880, 40.0, 180
37.328349, -121.940880, 40.0, 180
37.328259, -121.940880, 40.0, 180
37.328169, -121.940880, 40.0, 180
37.328080, -121.940880, 40.0, 180
37.327990, -121.940880, 40.0, 180
37.327900, -121.940878, 40.0, 178
37.327810, -121.940875, 40.0, 178
37.327720, -121.940872, 40.0, 178
37.327630, -121.940870, 40.0, 180
37.327541, -121.940870, 40.0, 180
37.327451, -121.940870, 40.0, 180
37.327361, -121.940870, 40.0, 180
37.327271, -121.940870, 40.0, 180
37.327181, -121.940870, 40.0, 180
37.327170, -121.940870, 40.0, 187
37.327081, -121.940886, 40.0, 187
37.326992, -121.940901, 40.0, 187
37.326903, -121.940917, 40.0, 187
37.326814, -121.940932, 40.0, 186
37.326725, -121.940946, 40.0, 186
37.326636, -121.940959, 40.0, 186
37.326547, -121.940973, 40.0, 186
37.326457, -121.940986, 40.0, 186
37.326368, -121.941000, 40.0, 186
37.326279, -121.941012, 40.0, 184
37.326189, -121.941021, 40.0, 184
37.326100, -121.941031, 40.0, 184
37.326010, -121.941040, 40.0, 184
37.325921, -121.941049, 40.0, 184
37.325831, -121.941053, 40.0, 181
37.325741, -121.941056, 40.0, 181
37.325651, -121.941059, 40.0, 181
37.325562, -121.941063, 40.0, 181
37.325472, -121.941066, 40.0, 181
37.325382, -121.941069, 40.0, 181
37.325292, -121.941065, 40.0, 176
37.325203, -121.941058, 40.0, 176
37.325113, -121.941051, 40.0, 176
37.325023, -121.941044, 40.0, 176
37.324934, -121.941037, 40.0, 176
37.324844, -121.941031, 40.0, 183
37.324754, -121.941038, 40.0, 183
37.324665, -121.941046, 40.0, 183
37.324620, -121.941050, 40.0, 186
37.324531, -121.941062, 40.0, 186
37.324441, -121.941074, 40.0, 186
37.324352, -121.941086, 40.0, 186
37.324263, -121.941101, 40.0, 189
37.324174, -121.941119, 40.0, 189
37.324086, -121.941137, 40.0, 189
37.323997, -121.941158, 40.0, 191
37.323910, -121.941183, 40.0, 194
37.323823, -121.941211, 40.0, 194
37.323736, -121.941238, 40.0, 194
37.323648, -121.941265, 40.0, 193
37.323561, -121.941291, 40.0, 193
37.323472, -121.941302, 40.0, 181
37.323382, -121.941306, 40.0, 181
37.323292, -121.941310, 40.0, 181
37.323280, -121.941310, 40.0, 275
37.323287, -121.941423, 40.0, 275
37.323292, -121.941535, 40.0, 273
37.323296, -121.941648, 40.0, 273
37.323301, -121.941761, 40.0, 278
37.323314, -121.941873, 40.0, 278
37.323324, -121.941985, 40.0, 276
37.323333, -121.942097, 40.0, 276
37.323343, -121.942210, 40.0, 278
37.323352, -121.942322, 40.0, 274
37.323359, -121.942435, 40.0, 274
37.323367, -121.942547, 40.0, 276
37.323377, -121.942659, 40.0, 276
37.323385, -121.942772, 40.0, 275
37.323392, -121.942885, 40.0, 275
37.323399, -121.942997, 40.0, 275
37.323407, -121.943110, 40.0, 275
37.323414, -121.943222, 40.0, 275
37.323422, -121.943335, 40.0, 275
37.323429, -121.943447, 40.0, 275
37.323436, -121.943560, 40.0, 275
37.323440, -121.943673, 40.0, 270
37.323440, -121.943786, 40.0, 270
37.323447, -121.943898, 40.0, 276
37.323450, -121.944011, 40.0, 270
37.323450, -121.944124, 40.0, 270
37.323450, -121.944237, 40.0, 270
37.323450, -121.944350, 40.0, 270
37.323450, -121.944463, 40.0, 270
37.323450, -121.944576, 40.0, 270
37.323450, -121.944689, 40.0, 270
37.323450, -121.944802, 40.0, 270
37.323450, -121.944915, 40.0, 270
37.323450, -121.945028, 40.0, 270
37.323450, -121.945141, 40.0, 270
37.323450, -121.945254, 40.0, 270
37.323450, -121.945367, 40.0, 270
37.323450, -121.945480, 40.0, 270
37.323450, -121.945593, 40.0, 270
37.323450, -121.945706, 40.0, 270
37.323450, -121.945819, 40.0, 270
37.323450, -121.945931, 40.0, 270
37.323450, -121.946044, 40.0, 270
37.323450, -121.946157, 40.0, 270
37.323450, -121.946270, 40.0, 270
37.323450, -121.946383, 40.0, 270
37.323450, -121.946496, 40.0, 270
37.323450, -121.946609, 40.0, 270
37.323450, -121.946722, 40.0, 270
37.323450, -121.946835, 40.0, 270
37.323450, -121.946948, 40.0, 270
37.323450, -121.947061, 40.0, 270
37.323450, -121.947174, 40.0, 270
37.323450, -121.947287, 40.0, 270
37.323450, -121.947400, 40.0, 270
37.323450, -121.947513, 40.0, 270
37.323450, -121.947626, 40.0, 270
37.323450, -121.947739, 40.0, 270
37.323450, -121.947852, 40.0, 270
37.323450, -121.947965, 40.0, 270
37.323450, -121.948078, 40.0, 270
37.323450, -121.948191, 40.0, 270
37.323450, -121.948304, 40.0, 270
37.323450, -121.948417, 40.0, 270
37.323450, -121.948530, 40.0, 270
37.323450, -121.948643, 40.0, 270
37.323450, -121.948756, 40.0, 270
37.323450, -121.948869, 40.0, 270
37.323450, -121.948981, 40.0, 270
37.323450, -121.949094, 40.0, 270
37.323446, -121.949207, 40.0, 264
37.323440, -121.949320, 40.0, 270
37.323440, -121.949433, 40.0, 267
37.323436, -121.949546, 40.0, 267
37.323432, -121.949658, 40.0, 267
37.323429, -121.949771, 40.0, 267
37.323425, -121.949884, 40.0, 267
37.323421, -121.949997, 40.0, 267
37.323420, -121.950020, 40.0, 0
37.323510, -121.950020, 40.0, 0
37.323600, -121.950020, 40.0, 0
37.323689, -121.950020, 40.0, 0
37.323779, -121.950020, 40.0, 0
37.323869, -121.950020, 40.0, 0
37.323959, -121.950020, 40.0, 0
37.324049, -121.950020, 40.0, 0
37.324139, -121.950026, 40.0, 357
37.324228, -121.950033, 40.0, 357
37.324318, -121.950040, 40.0, 0
37.324408, -121.950040, 40.0, 0
37.324497, -121.950040, 40.0, 0
37.324587, -121.950043, 40.0, 359
37.324677, -121.950047, 40.0, 359
37.324767, -121.950050, 40.0, 359
37.324855, -121.950071, 40.0, 349
37.324934, -121.950119, 40.0, 326
37.324970, -121.950150, 40.0, 270
37.324970, -121.950263, 40.0, 270
37.324970, -121.950376, 40.0, 270
37.324970, -121.950489, 40.0, 270
37.324970, -121.950602, 40.0, 270
37.324970, -121.950715, 40.0, 270
37.324970, -121.950828, 40.0, 270
37.324970, -121.950941, 40.0, 270
37.324970, -121.951054, 40.0, 270
37.324970, -121.951167, 40.0, 270
37.324970, -121.951280, 40.0, 270
37.324970, -121.951393, 40.0, 270
37.324970, -121.951506, 40.0, 270
37.324970, -121.951619, 40.0, 270
37.324970, -121.951732, 40.0, 270
37.324970, -121.951844, 40.0, 270
37.324970, -121.951957, 40.0, 270
37.324970, -121.952070, 40.0, 270
37.324970, -121.952183, 40.0, 270
37.324970, -121.952296, 40.0, 270
37.324970, -121.952409, 40.0, 270
37.324970, -121.952522, 40.0, 270
37.324970, -121.952635, 40.0, 270
37.324970, -121.952748, 40.0, 270
37.324970, -121.952861, 40.0, 270
37.324970, -121.952974, 40.0, 270
37.324970, -121.953087, 40.0, 270
37.324970, -121.953200, 40.0, 270
37.324970, -121.953313, 40.0, 270
37.324970, -121.953426, 40.0, 270
37.324970, -121.953539, 40.0, 270
37.324970, -121.953652, 40.0, 270
37.324970, -121.953765, 40.0, 270
37.324970, -121.953878, 40.0, 270
37.324970, -121.953991, 40.0, 270
37.324970, -121.954104, 40.0, 270
37.324970, -121.954217, 40.0, 270
37.324970, -121.954330, 40.0, 270
37.324970, -121.954443, 40.0, 270
37.324970, -121.954556, 40.0, 270
37.324970, -121.954669, 40.0, 270
37.324970, -121.954782, 40.0, 270
37.324970, -121.954895, 40.0, 270
37.324970, -121.955008, 40.0, 270
37.324970, -121.955120, 40.0, 270
37.324970, -121.955210, 40.0, 359
37.325060, -121.955212, 40.0, 359
37.325150, -121.955214, 40.0, 359
37.325239, -121.955217, 40.0, 359
37.325329, -121.955219, 40.0, 359
37.325419, -121.955221, 40.0, 359
37.325509, -121.955223, 40.0, 359
37.325599, -121.955225, 40.0, 359
37.325689, -121.955228, 40.0, 359
37.325778, -121.955230, 40.0, 359
37.325868, -121.955232, 40.0, 359
37.325958, -121.955234, 40.0, 359
37.326048, -121.955236, 40.0, 359
37.326138, -121.955238, 40.0, 359
37.326227, -121.955241, 40.0, 359
37.326317, -121.955243, 40.0, 359
37.326407, -121.955245, 40.0, 359
37.326497, -121.955247, 40.0, 359
37.326587, -121.955249, 40.0, 359
37.326676, -121.955252, 40.0, 359
37.326766, -121.955254, 40.0, 359
37.326856, -121.955256, 40.0, 359
37.326946, -121.955258, 40.0, 359
37.327020, -121.955260, 40.0, 274
37.327025, -121.955373, 40.0, 274
37.327030, -121.955486, 40.0, 270
37.327030, -121.955599, 40.0, 270
37.327030, -121.955711, 40.0, 270
37.327030, -121.955824, 40.0, 270
37.327030, -121.955937, 40.0, 270
37.327030, -121.956050, 40.0, 270
37.327030, -121.956163, 40.0, 270
37.327030, -121.956276, 40.0, 270
37.327030, -121.956389, 40.0, 269
37.327029, -121.956502, 40.0, 269
37.327028, -121.956615, 40.0, 269
37.327027, -121.956728, 40.0, 269
37.327026, -121.956841, 40.0, 269
37.327025, -121.956954, 40.0, 269
37.327024, -121.957067, 40.0, 269
37.327023, -121.957180, 40.0, 269
37.327022, -121.957293, 40.0, 269
37.327021, -121.957406, 40.0, 269
37.327020, -121.957519, 40.0, 269
37.327019, -121.957632, 40.0, 269
37.327018, -121.957745, 40.0, 269
37.327017, -121.957858, 40.0, 269
37.327016, -121.957971, 40.0, 269
37.327015, -121.958084, 40.0, 269
37.327014, -121.958197, 40.0, 269
37.327013, -121.958310, 40.0, 269
37.327012, -121.958423, 40.0, 269
37.327011, -121.958536, 40.0, 269
37.327010, -121.958649, 40.0, 269
37.327011, -121.958762, 40.0, 271
37.327012, -121.958874, 40.0, 271
37.327013, -121.958987, 40.0, 271
37.327014, -121.959100, 40.0, 271
37.327015, -121.959213, 40.0, 271
37.327015, -121.959326, 40.0, 271
37.327016, -121.959439, 40.0, 271
37.327017, -121.959552, 40.0, 271
37.327018, -121.959665, 40.0, 271
37.327019, -121.959778, 40.0, 271
37.327020, -121.959891, 40.0, 269
37.327019, -121.960004, 40.0, 269
37.327018, -121.960117, 40.0, 269
37.327017, -121.960230, 40.0, 269
37.327016, -121.960343, 40.0, 269
37.327015, -121.960456, 40.0, 269
37.327014, -121.960569, 40.0, 269
37.327013, -121.960682, 40.0, 269
37.327012, -121.960795, 40.0, 269
37.327011, -121.960908, 40.0, 269
37.327010, -121.961021, 40.0, 269
37.327011, -121.961134, 40.0, 271
37.327012, -121.961247, 40.0, 271
37.327013, -121.961360, 40.0, 271
37.327014, -121.961473, 40.0, 271
37.327015, -121.961586, 40.0, 271
37.327016, -121.961699, 40.0, 271
37.327017, -121.961812, 40.0, 271
37.327018, -121.961924, 40.0, 271
37.327019, -121.962037, 40.0, 271
37.327020, -121.962150, 40.0, 271
37.327019, -121.962263, 40.0, 269
37.327018, -121.962376, 40.0, 269
37.327017, -121.962489, 40.0, 269
37.327016, -121.962602, 40.0, 269
37.327015, -121.962715, 40.0, 269
37.327014, -121.962828, 40.0, 269
37.327013, -121.962941, 40.0, 269
37.327012, -121.963054, 40.0, 269
37.327011, -121.963167, 40.0, 269
37.327010, -121.963280, 40.0, 269
37.327010, -121.963310, 40.0, 179
37.326920, -121.963309, 40.0, 179
37.326830, -121.963308, 40.0, 179
37.326741, -121.963308, 40.0, 179
37.326651, -121.963307, 40.0, 179
37.326561, -121.963306, 40.0, 179
37.326471, -121.963305, 40.0, 179
37.326381, -121.963304, 40.0, 179
37.326291, -121.963304, 40.0, 179
37.326202, -121.963303, 40.0, 179
37.326112, -121.963302, 40.0, 179
37.326022, -121.963301, 40.0, 179
37.325932, -121.963301, 40.0, 179
37.325842, -121.963300, 40.0, 179
37.325752, -121.963299, 40.0, 179
37.325663, -121.963298, 40.0, 179
37.325573, -121.963297, 40.0, 179
37.325483, -121.963297, 40.0, 179
37.325393, -121.963296, 40.0, 179
37.325303, -121.963295, 40.0, 179
37.325213, -121.963294, 40.0, 179
37.325124, -121.963293, 40.0, 179
37.325034, -121.963293, 40.0, 179
37.324944, -121.963292, 40.0, 179
37.324854, -121.963291, 40.0, 179
37.324764, -121.963290, 40.0, 179
37.324674, -121.963290, 40.0, 180
37.324585, -121.963290, 40.0, 180
37.324495, -121.963290, 40.0, 180
37.324405, -121.963290, 40.0, 180
37.324315, -121.963290, 40.0, 180
37.324225, -121.963290, 40.0, 180
37.324135, -121.963290, 40.0, 180
37.324046, -121.963290, 40.0, 180
37.323956, -121.963290, 40.0, 180
37.323866, -121.963290, 40.0, 179
37.323776, -121.963288, 40.0, 179
37.323686, -121.963286, 40.0, 179
37.323596, -121.963285, 40.0, 179
37.323507, -121.963283, 40.0, 179
37.323417, -121.963282, 40.0, 179
37.323330, -121.963280, 40.0, 179
37.323330, -121.963280, 40.0, 179
37.323330, -121.963280, 40.0, 179
37.323330, -121.963280, 40.0, 179
37.323330, -121.963280, 40.0, 179
37.323330, -121.963280, 40.0, 179
37.323330, -121.963280, 40.0, 179
37.323330, -121.963280, 40.0, 179
37.323330, -121.963280, 40.0, 179
37.323330, -121.963280, 40.0, 179
37.323330, -121.963280, 40.0, 179
37.323330, -121.963280, 40.0, 179
37.323330, -121.963280, 40.0, 179
37.323330, -121.963280, 40.0, 179
37.323330, -121.963280, 40.0, 179
37.323330, -121.963280, 40.0, 179
37.323330, -121.963280, 40.0, 179
37.323330, -121.963280, 40.0, 179
37.323330, -121.963280, 40.0, 179
37.323330, -121.963280, 40.0, 179
37.323330, -121.963280, 40.0, 179
37.323330, -121.963280, 40.0, 179
37.323330, -121.963280, 40.0, 179
37.323330, -121.963280, 40.0, 179
37.323330, -121.963280, 40.0, 179
37.323330, -121.963280, 40.0, 179
37.323330, -121.963280, 40.0, 179
37.323330, -121.963280, 40.0, 179
37.323330, -121.963280, 40.0, 179
37.323330, -121.963280, 40.0, 179
37.323330, -121.963280, 40.0, 179
37.323330, -121.963280, 40.0, 179
37.323330, -121.963280, 40.0, 179
37.323330, -121.963280, 40.0, 179
37.323330, -121.963280, 40.0, 179
37.323330, -121.963280, 40.0, 179
37.323330, -121.963280, 40.0, 179
37.323330, -121.963280, 40.0, 179
37.323330, -121.963280, 40.0, 179
37.323330, -121.963280, 40.0, 179
37.323330, -121.963280, 40.0, 179
37.323330, -121.963280, 40.0, 179
37.323330, -121.963280, 40.0, 179
37.323330, -121.963280, 40.0, 179
37.323330, -121.963280, 40.0, 179
37.323330, -121.963280, 40.0, 179
37.323330, -121.963280, 40.0, 179
37.323330, -121.963280, 40.0, 179
37.323330, -121.963280, 40.0, 179
37.323330, -121.963280, 40.0, 179
37.323330, -121.963280, 40.0, 179
37.323330, -121.963280, 40.0, 179
37.323330, -121.963280, 40.0, 179
37.323330, -121.963280, 40.0, 179
37.323330, -121.963280, 40.0, 179
37.323330, -121.963280, 40.0, 179
37.323330, -121.963280, 40.0, 179
37.323330, -121.963280, 40.0, 179
37.323330, -121.963280, 40.0, 179
37.323330, -121.963280, 40.0, 179
37.323330, -121.963280, 40.0, 179
37.323330, -121.963280, 40.0, 179
37.323330, -121.963280, 40.0, 179
37.323330, -121.963280, 40.0, 179
37.323330, -121.963280, 40.0, 179
37.323330, -121.963280, 40.0, 179
37.323330, -121.963280, 40.0, 179
37.323330, -121.963280, 40.0, 179
37.323330, -121.963280, 40.0, 179
37.323330, -121.963280, 40.0, 179
37.323330, -121.963280, 40.0, 179
37.323330, -121.963280, 40.0, 179
37.323330, -121.963280, 40.0, 179
37.323330, -121.963280, 40.0, 179
37.323330, -121.963280, 40.0, 179
37.323330, -121.963280, 40.0, 179
37.323330, -121.963280, 40.0, 179
37.323330, -121.963280, 40.0, 179
37.323330, -121.963280, 40.0, 179
37.323330, -121.963280, 40.0, 179
37.323330, -121.963280, 40.0, 179
37.323330, -121.963280, 40.0, 179
37.323330, -121.963280, 40.0, 179
37.323330, -121.963280, 40.0, 179
37.323330, -121.963280, 40.0, 179
37.323330, -121.963280, 40.0, 179
37.323330, -121.963280, 40.0, 179
37.323330, -121.963280, 40.0, 179
37.323330, -121.963280, 40.0, 179
37.323330, -121.963280, 40.0, 179
37.323330, -121.963280, 40.0, 179
37.323330, -121.963280, 40.0, 179
37.323330, -121.963280, 40.0, 179
37.323330, -121.963280, 40.0, 179
37.323330, -121.963280, 40.0, 179
37.323330, -121.963280, 40.0, 179
37.323330, -121.963280, 40.0, 179
37.323330, -121.963280, 40.0, 179
37.323330, -121.963280, 40.0, 179
37.323330, -121.963280, 40.0, 179
37.323330, -121.963280, 40.0, 179
37.323330, -121.963280, 40.0, 179
37.323330, -121.963280, 40.0, 179
37.323330, -121.963280, 40.0, 179
37.323330, -121.963280, 40.0, 179
37.323330, -121.963280, 40.0, 179
37.323330, -121.963280, 40.0, 179
37.323330, -121.963280, 40.0, 179
37.323330, -121.963280, 40.0, 179
37.323330, -121.963280, 40.0, 179
37.323330, -121.963280, 40.0, 179
37.323330, -121.963280, 40.0, 179
37.323330, -121.963280, 40.0, 179
37.323330, -121.963280, 40.0, 179
37.323330, -121.963280, 40.0, 179
37.323330, -121.963280, 40.0, 179
37.323330, -121.963280, 40.0, 179
37.323330, -121.963280, 40.0, 179
37.323330, -121.963280, 40.0, 179
37.323330, -121.963280, 40.0, 179
37.323330, -121.963280, 40.0, 179
37.323330, -121.963280, 40.0, 179
37.323330, -121.963280, 40.0, 179
37.323330, -121.963280, 40.0, 179
37.323330, -121.963280, 40.0, 179
37.323330, -121.963280, 40.0, 179
37.323330, -121.963280, 40.0, 179
37.323330, -121.963280, 40.0, 179
37.323330, -121.963280, 40.0, 179
37.323330, -121.963280, 40.0, 179
37.323330, -121.963280, 40.0, 179
37.323330, -121.963280, 40.0, 179
37.323330, -121.963280, 40.0, 179
37.323330, -121.963280, 40.0, 179
37.323330, -121.963280, 40.0, 179
37.323330, -121.963280, 40.0, 179
37.323330, -121.963280, 40.0, 179
37.323330, -121.963280, 40.0, 179
37.323330, -121.963280, 40.0, 179
37.323330, -121.963280, 40.0, 179
37.323330, -121.963280, 40.0, 179
37.323330, -121.963280, 40.0, 179
37.323330, -121.963280, 40.0, 179
37.323330, -121.963280, 40.0, 179
37.323330, -121.963280, 40.0, 179